# JRE version: 7.0_13-b20
# Java VM: Java HotSpot(TM) Client VM (23.7-b01 mixed mode, sharing windows-x86 )
Heap
 def new generation   total 4928K, used 644K [0x27010000, 0x27560000, 0x2c560000)
  eden space 4416K,   2% used [0x27010000, 0x270311e0, 0x27460000)
  from space 512K, 100% used [0x274e0000, 0x27560000, 0x27560000)
  to   space 512K,   0% used [0x27460000, 0x27460000, 0x274e0000)
 tenured generation   total 10944K, used 2710K [0x2c560000, 0x2d010000, 0x37010000)
   the space 10944K,  24% used [0x2c560000, 0x2c805af0, 0x2c805c00, 0x2d010000)
 compacting perm gen  total 12288K, used 2567K [0x37010000, 0x37c10000, 0x3b010000)
   the space 12288K,  20% used [0x37010000, 0x37291fe0, 0x37292000, 0x37c10000)
    ro space 10240K,  42% used [0x3b010000, 0x3b451958, 0x3b451a00, 0x3ba10000)
    rw space 12288K,  54% used [0x3ba10000, 0x3c0925f0, 0x3c092600, 0x3c610000)
GC Heap History (6 events):
Event: 0.349 GC heap before
{Heap before GC invocations=0 (full 0):
 def new generation   total 4928K, used 4416K [0x27010000, 0x27560000, 0x2c560000)
  eden space 4416K, 100% used [0x27010000, 0x27460000, 0x27460000)
  from space 512K,   0% used [0x27460000, 0x27460000, 0x274e0000)
  to   space 512K,   0% used [0x274e0000, 0x274e0000, 0x27560000)
 tenured generation   total 10944K, used 0K [0x2c560000, 0x2d010000, 0x37010000)
   the space 10944K,   0% used [0x2c560000, 0x2c560000, 0x2c560200, 0x2d010000)
 compacting perm gen  total 12288K, used 1161K [0x37010000, 0x37c10000, 0x3b010000)
   the space 12288K,   9% used [0x37010000, 0x37132700, 0x37132800, 0x37c10000)
    ro space 10240K,  42% used [0x3b010000, 0x3b451958, 0x3b451a00, 0x3ba10000)
    rw space 12288K,  54% used [0x3ba10000, 0x3c0925f0, 0x3c092600, 0x3c610000)
Event: 0.353 GC heap after
Heap after GC invocations=1 (full 0):
 def new generation   total 4928K, used 512K [0x27010000, 0x27560000, 0x2c560000)
  eden space 4416K,   0% used [0x27010000, 0x27010000, 0x27460000)
  from space 512K, 100% used [0x274e0000, 0x27560000, 0x27560000)
  to   space 512K,   0% used [0x27460000, 0x27460000, 0x274e0000)
 tenured generation   total 10944K, used 554K [0x2c560000, 0x2d010000, 0x37010000)
   the space 10944K,   5% used [0x2c560000, 0x2c5eaa50, 0x2c5eac00, 0x2d010000)
 compacting perm gen  total 12288K, used 1161K [0x37010000, 0x37c10000, 0x3b010000)
   the space 12288K,   9% used [0x37010000, 0x37132700, 0x37132800, 0x37c10000)
    ro space 10240K,  42% used [0x3b010000, 0x3b451958, 0x3b451a00, 0x3ba10000)
    rw space 12288K,  54% used [0x3ba10000, 0x3c0925f0, 0x3c092600, 0x3c610000)
}
Event: 0.488 GC heap before
{Heap before GC invocations=1 (full 0):
 def new generation   total 4928K, used 4928K [0x27010000, 0x27560000, 0x2c560000)
  eden space 4416K, 100% used [0x27010000, 0x27460000, 0x27460000)
  from space 512K, 100% used [0x274e0000, 0x27560000, 0x27560000)
  to   space 512K,   0% used [0x27460000, 0x27460000, 0x274e0000)
 tenured generation   total 10944K, used 554K [0x2c560000, 0x2d010000, 0x37010000)
   the space 10944K,   5% used [0x2c560000, 0x2c5eaa50, 0x2c5eac00, 0x2d010000)
 compacting perm gen  total 12288K, used 1952K [0x37010000, 0x37c10000, 0x3b010000)
   the space 12288K,  15% used [0x37010000, 0x371f82e8, 0x371f8400, 0x37c10000)
    ro space 10240K,  42% used [0x3b010000, 0x3b451958, 0x3b451a00, 0x3ba10000)
    rw space 12288K,  54% used [0x3ba10000, 0x3c0925f0, 0x3c092600, 0x3c610000)
Event: 0.491 GC heap after
Heap after GC invocations=2 (full 0):
 def new generation   total 4928K, used 512K [0x27010000, 0x27560000, 0x2c560000)
  eden space 4416K,   0% used [0x27010000, 0x27010000, 0x27460000)
  from space 512K, 100% used [0x27460000, 0x274e0000, 0x274e0000)
  to   space 512K,   0% used [0x274e0000, 0x274e0000, 0x27560000)
 tenured generation   total 10944K, used 1726K [0x2c560000, 0x2d010000, 0x37010000)
   the space 10944K,  15% used [0x2c560000, 0x2c70fbd0, 0x2c70fc00, 0x2d010000)
 compacting perm gen  total 12288K, used 1952K [0x37010000, 0x37c10000, 0x3b010000)
   the space 12288K,  15% used [0x37010000, 0x371f82e8, 0x371f8400, 0x37c10000)
    ro space 10240K,  42% used [0x3b010000, 0x3b451958, 0x3b451a00, 0x3ba10000)
    rw space 12288K,  54% used [0x3ba10000, 0x3c0925f0, 0x3c092600, 0x3c610000)
}
Event: 8.557 GC heap before
{Heap before GC invocations=2 (full 0):
 def new generation   total 4928K, used 4928K [0x27010000, 0x27560000, 0x2c560000)
  eden space 4416K, 100% used [0x27010000, 0x27460000, 0x27460000)
  from space 512K, 100% used [0x27460000, 0x274e0000, 0x274e0000)
  to   space 512K,   0% used [0x274e0000, 0x274e0000, 0x27560000)
 tenured generation   total 10944K, used 1726K [0x2c560000, 0x2d010000, 0x37010000)
   the space 10944K,  15% used [0x2c560000, 0x2c70fbd0, 0x2c70fc00, 0x2d010000)
 compacting perm gen  total 12288K, used 2567K [0x37010000, 0x37c10000, 0x3b010000)
   the space 12288K,  20% used [0x37010000, 0x37291fd0, 0x37292000, 0x37c10000)
    ro space 10240K,  42% used [0x3b010000, 0x3b451958, 0x3b451a00, 0x3ba10000)
    rw space 12288K,  54% used [0x3ba10000, 0x3c0925f0, 0x3c092600, 0x3c610000)
Event: 8.563 GC heap after
Heap after GC invocations=3 (full 0):
 def new generation   total 4928K, used 512K [0x27010000, 0x27560000, 0x2c560000)
  eden space 4416K,   0% used [0x27010000, 0x27010000, 0x27460000)
  from space 512K, 100% used [0x274e0000, 0x27560000, 0x27560000)
  to   space 512K,   0% used [0x27460000, 0x27460000, 0x274e0000)
 tenured generation   total 10944K, used 2710K [0x2c560000, 0x2d010000, 0x37010000)
   the space 10944K,  24% used [0x2c560000, 0x2c805af0, 0x2c805c00, 0x2d010000)
 compacting perm gen  total 12288K, used 2567K [0x37010000, 0x37c10000, 0x3b010000)
   the space 12288K,  20% used [0x37010000, 0x37291fd0, 0x37292000, 0x37c10000)
    ro space 10240K,  42% used [0x3b010000, 0x3b451958, 0x3b451a00, 0x3ba10000)
    rw space 12288K,  54% used [0x3ba10000, 0x3c0925f0, 0x3c092600, 0x3c610000)
}

